빌드 시작: 2016-05-28 오전 11:07:57
     1>2 노드의 "C:\Users\dahoon\Documents\GitHub\graphics_2\midas\MChallangeDX_Basic\src\MChallenge\MChallenge.vcxproj" 프로젝트(Build 대상)입니다.
     1>ClCompile:
         C:\Program Files (x86)\Microsoft Visual Studio 11.0\VC\bin\x86_amd64\CL.exe /c /I../../include /Zi /nologo /W3 /WX- /sdl /Od /GL /D _UNICODE /D UNICODE /Gm /EHsc /RTC1 /MDd /GS /fp:precise /Zc:wchar_t /Zc:forScope /Fo"x64\Debug\\" /Fd"x64\Debug\vc110.pdb" /Gd /TP /errorReport:prompt MChallenge.cpp SceneModel.cpp Texture.cpp UIEventHandler.cpp
         UIEventHandler.cpp
         Texture.cpp
         SceneModel.cpp
         MChallenge.cpp
       Link:
         C:\Program Files (x86)\Microsoft Visual Studio 11.0\VC\bin\x86_amd64\link.exe /ERRORREPORT:PROMPT /OUT:"../../bin/Debug/x64\MChallenge.exe" /INCREMENTAL /NOLOGO /LIBPATH:../../lib/Common /LIBPATH:../../lib/Common/Debug/x64 /LIBPATH:../../lib/Debug/x64 d3dx11.lib opencv_world310.lib "assimp-vc110-mt.lib" DXUT.lib DXUTOpt.lib d3dcompiler.lib usp10.lib dxguid.lib winmm.lib comctl32.lib kernel32.lib user32.lib gdi32.lib winspool.lib comdlg32.lib advapi32.lib shell32.lib ole32.lib oleaut32.lib uuid.lib odbc32.lib odbccp32.lib kernel32.lib user32.lib gdi32.lib winspool.lib comdlg32.lib advapi32.lib shell32.lib ole32.lib oleaut32.lib uuid.lib odbc32.lib odbccp32.lib /MANIFEST /MANIFESTUAC:"level='asInvoker' uiAccess='false'" /manifest:embed /DEBUG /PDB:"../../bin/Debug/x64\MChallenge.pdb" /LTCG /TLBID:1 /DYNAMICBASE /NXCOMPAT /IMPLIB:"../../bin/Debug/x64\MChallenge.lib" /MACHINE:X64 x64\Debug\MChallenge.obj
         x64\Debug\SceneModel.obj
         x64\Debug\Texture.obj
         x64\Debug\UIEventHandler.obj
     1>LINK : warning LNK4075: '/INCREMENTAL'이(가) '/LTCG' 사양으로 인해 무시됩니다.
         코드를 생성하고 있습니다.
         코드를 생성했습니다.
     1>DXUT.lib(DXUT.obj) : warning LNK4099: 'dxut.pdb' PDB를 'DXUT.lib(DXUT.obj)' 또는 'C:\Users\dahoon\Documents\GitHub\graphics_2\midas\MChallangeDX_Basic\bin\Debug\x64\dxut.pdb'에서 찾을 수 없습니다. 디버그 정보가 없는 것처럼 개체를 링크합니다.
     1>DXUT.lib(DXUTDevice11.obj) : warning LNK4099: 'dxut.pdb' PDB를 'DXUT.lib(DXUTDevice11.obj)' 또는 'C:\Users\dahoon\Documents\GitHub\graphics_2\midas\MChallangeDX_Basic\bin\Debug\x64\dxut.pdb'에서 찾을 수 없습니다. 디버그 정보가 없는 것처럼 개체를 링크합니다.
     1>DXUT.lib(DXUTmisc.obj) : warning LNK4099: 'dxut.pdb' PDB를 'DXUT.lib(DXUTmisc.obj)' 또는 'C:\Users\dahoon\Documents\GitHub\graphics_2\midas\MChallangeDX_Basic\bin\Debug\x64\dxut.pdb'에서 찾을 수 없습니다. 디버그 정보가 없는 것처럼 개체를 링크합니다.
     1>DXUT.lib(DXErr.obj) : warning LNK4099: 'dxut.pdb' PDB를 'DXUT.lib(DXErr.obj)' 또는 'C:\Users\dahoon\Documents\GitHub\graphics_2\midas\MChallangeDX_Basic\bin\Debug\x64\dxut.pdb'에서 찾을 수 없습니다. 디버그 정보가 없는 것처럼 개체를 링크합니다.
     1>DXUT.lib(DDSTextureLoader.obj) : warning LNK4099: 'dxut.pdb' PDB를 'DXUT.lib(DDSTextureLoader.obj)' 또는 'C:\Users\dahoon\Documents\GitHub\graphics_2\midas\MChallangeDX_Basic\bin\Debug\x64\dxut.pdb'에서 찾을 수 없습니다. 디버그 정보가 없는 것처럼 개체를 링크합니다.
     1>DXUT.lib(Screengrab.obj) : warning LNK4099: 'dxut.pdb' PDB를 'DXUT.lib(Screengrab.obj)' 또는 'C:\Users\dahoon\Documents\GitHub\graphics_2\midas\MChallangeDX_Basic\bin\Debug\x64\dxut.pdb'에서 찾을 수 없습니다. 디버그 정보가 없는 것처럼 개체를 링크합니다.
     1>DXUT.lib(WICTextureLoader.obj) : warning LNK4099: 'dxut.pdb' PDB를 'DXUT.lib(WICTextureLoader.obj)' 또는 'C:\Users\dahoon\Documents\GitHub\graphics_2\midas\MChallangeDX_Basic\bin\Debug\x64\dxut.pdb'에서 찾을 수 없습니다. 디버그 정보가 없는 것처럼 개체를 링크합니다.
     1>DXUTOpt.lib(DXUTgui.obj) : warning LNK4099: 'dxutopt.pdb' PDB를 'DXUTOpt.lib(DXUTgui.obj)' 또는 'C:\Users\dahoon\Documents\GitHub\graphics_2\midas\MChallangeDX_Basic\bin\Debug\x64\dxutopt.pdb'에서 찾을 수 없습니다. 디버그 정보가 없는 것처럼 개체를 링크합니다.
     1>DXUTOpt.lib(DXUTres.obj) : warning LNK4099: 'dxutopt.pdb' PDB를 'DXUTOpt.lib(DXUTres.obj)' 또는 'C:\Users\dahoon\Documents\GitHub\graphics_2\midas\MChallangeDX_Basic\bin\Debug\x64\dxutopt.pdb'에서 찾을 수 없습니다. 디버그 정보가 없는 것처럼 개체를 링크합니다.
     1>DXUTOpt.lib(SDKmisc.obj) : warning LNK4099: 'dxutopt.pdb' PDB를 'DXUTOpt.lib(SDKmisc.obj)' 또는 'C:\Users\dahoon\Documents\GitHub\graphics_2\midas\MChallangeDX_Basic\bin\Debug\x64\dxutopt.pdb'에서 찾을 수 없습니다. 디버그 정보가 없는 것처럼 개체를 링크합니다.
         MChallenge.vcxproj -> C:\Users\dahoon\Documents\GitHub\graphics_2\midas\MChallangeDX_Basic\src\MChallenge\../../bin/Debug/x64\MChallenge.exe
     1>"C:\Users\dahoon\Documents\GitHub\graphics_2\midas\MChallangeDX_Basic\src\MChallenge\MChallenge.vcxproj" 프로젝트를 빌드했습니다(Build 대상).

빌드했습니다.

경과 시간: 00:00:08.23
