C:\USERS\오기태\DESKTOP\OHZ\TRUNK\MCHALLANGEDX_BASIC\SRC\MCHALLENGE\X64\DEBUG\MCHALLENGE.OBJ
C:\USERS\오기태\DESKTOP\OHZ\TRUNK\MCHALLANGEDX_BASIC\SRC\MCHALLENGE\X64\DEBUG\SCENEMODEL.OBJ
C:\USERS\오기태\DESKTOP\OHZ\TRUNK\MCHALLANGEDX_BASIC\SRC\MCHALLENGE\X64\DEBUG\TEXTURE.OBJ
C:\USERS\오기태\DESKTOP\OHZ\TRUNK\MCHALLANGEDX_BASIC\SRC\MCHALLENGE\X64\DEBUG\UIEVENTHANDLER.OBJ
C:\USERS\오기태\DESKTOP\OHZ\TRUNK\MCHALLANGEDX_BASIC\SRC\MCHALLENGE\X64\DEBUG\VC110.PDB
C:\USERS\오기태\DESKTOP\OHZ\TRUNK\MCHALLANGEDX_BASIC\BIN\DEBUG\X64\MCHALLENGE.EXE
C:\USERS\오기태\DESKTOP\OHZ\TRUNK\MCHALLANGEDX_BASIC\BIN\DEBUG\X64\MCHALLENGE.PDB
C:\Users\오기태\Desktop\ohz\trunk\MChallangeDX_Basic\src\MChallenge\x64\Debug\MChallenge.obj
C:\Users\오기태\Desktop\ohz\trunk\MChallangeDX_Basic\src\MChallenge\x64\Debug\SceneModel.obj
C:\Users\오기태\Desktop\ohz\trunk\MChallangeDX_Basic\src\MChallenge\x64\Debug\Texture.obj
C:\Users\오기태\Desktop\ohz\trunk\MChallangeDX_Basic\src\MChallenge\x64\Debug\UIEventHandler.obj
C:\Users\오기태\Desktop\ohz\trunk\MChallangeDX_Basic\src\MChallenge\x64\Debug\cl.command.1.tlog
C:\Users\오기태\Desktop\ohz\trunk\MChallangeDX_Basic\src\MChallenge\x64\Debug\CL.read.1.tlog
C:\Users\오기태\Desktop\ohz\trunk\MChallangeDX_Basic\src\MChallenge\x64\Debug\CL.write.1.tlog
C:\Users\오기태\Desktop\ohz\trunk\MChallangeDX_Basic\src\MChallenge\x64\Debug\link-cvtres.read.1.tlog
C:\Users\오기태\Desktop\ohz\trunk\MChallangeDX_Basic\src\MChallenge\x64\Debug\link-cvtres.write.1.tlog
C:\Users\오기태\Desktop\ohz\trunk\MChallangeDX_Basic\src\MChallenge\x64\Debug\link-rc.read.1.tlog
C:\Users\오기태\Desktop\ohz\trunk\MChallangeDX_Basic\src\MChallenge\x64\Debug\link-rc.write.1.tlog
C:\Users\오기태\Desktop\ohz\trunk\MChallangeDX_Basic\src\MChallenge\x64\Debug\link.command.1.tlog
C:\Users\오기태\Desktop\ohz\trunk\MChallangeDX_Basic\src\MChallenge\x64\Debug\link.read.1.tlog
C:\Users\오기태\Desktop\ohz\trunk\MChallangeDX_Basic\src\MChallenge\x64\Debug\link.write.1.tlog
C:\Users\오기태\Desktop\ohz\trunk\MChallangeDX_Basic\src\MChallenge\x64\Debug\vc110.idb
C:\Users\오기태\Desktop\ohz\trunk\MChallangeDX_Basic\src\MChallenge\x64\Debug\vc110.pdb
C:\Users\오기태\Desktop\ohz\trunk\MChallangeDX_Basic\src\MChallenge\../../bin/Debug/x64\MChallenge.exe
